[2019-12-03 17:21:44][DEBUG][ERROR] : [Call to a member function customerShopSupport() on array at file:/var/www/html/easyswoole/App/HttpController/Modules/Customer/Repository/BaseRepository.php line:74]
[2019-12-03 17:22:19][DEBUG][ERROR] : [Call to a member function all() on null at file:/var/www/html/easyswoole/App/HttpController/Modules/Customer/Repository/BaseRepository.php line:73]
[2019-12-03 17:23:15][DEBUG][ERROR] : [Call to a member function customerShopSupport() on array at file:/var/www/html/easyswoole/App/HttpController/Modules/Customer/Repository/BaseRepository.php line:74]
[2019-12-03 17:40:02][DEBUG][NOTICE] : [Trying to get property of non-object at file:/var/www/html/easyswoole/App/HttpController/Modules/Customer/Repository/BaseRepository.php line:74]
[2019-12-03 17:45:15][DEBUG][NOTICE] : [Trying to get property of non-object at file:/var/www/html/easyswoole/App/HttpController/Modules/Customer/Repository/BaseRepository.php line:74]
[2019-12-03 17:51:42][DEBUG][ERROR] : [Return value of EasySwoole\ORM\AbstractModel::all() must be of the type array, boolean returned at file:/var/www/html/easyswoole/vendor/easyswoole/orm/src/AbstractModel.php line:490]
[2019-12-03 17:52:26][DEBUG][ERROR] : [Return value of EasySwoole\ORM\AbstractModel::all() must be of the type array, boolean returned at file:/var/www/html/easyswoole/vendor/easyswoole/orm/src/AbstractModel.php line:490]
[2019-12-03 17:52:52][DEBUG][ERROR] : [Return value of EasySwoole\ORM\AbstractModel::all() must be of the type array, boolean returned at file:/var/www/html/easyswoole/vendor/easyswoole/orm/src/AbstractModel.php line:490]
[2019-12-03 17:53:49][DEBUG][ERROR] : [Return value of EasySwoole\ORM\AbstractModel::all() must be of the type array, boolean returned at file:/var/www/html/easyswoole/vendor/easyswoole/orm/src/AbstractModel.php line:490]
[2019-12-03 17:56:31][DEBUG][ERROR] : [Return value of EasySwoole\ORM\AbstractModel::all() must be of the type array, boolean returned at file:/var/www/html/easyswoole/vendor/easyswoole/orm/src/AbstractModel.php line:490]
[2019-12-04 17:22:08][DEBUG][NOTICE] : [Undefined index: is_shop at file:/var/www/html/easyswoole/App/HttpController/Modules/Customer/Controller/CustomerConteroller.php line:95]
[2019-12-04 17:23:15][DEBUG][NOTICE] : [Trying to get property of non-object at file:/var/www/html/easyswoole/App/HttpController/Modules/Customer/Controller/CustomerConteroller.php line:95]
[2019-12-04 17:23:15][DEBUG][ERROR] : [swoole exit at file:/var/www/html/easyswoole/App/HttpController/Modules/Customer/Controller/CustomerConteroller.php line:95]
[2019-12-04 17:23:37][DEBUG][ERROR] : [swoole exit at file:/var/www/html/easyswoole/App/HttpController/Modules/Customer/Controller/CustomerConteroller.php line:95]
[2019-12-04 17:24:19][DEBUG][ERROR] : [swoole exit at file:/var/www/html/easyswoole/App/HttpController/Modules/Customer/Controller/CustomerConteroller.php line:95]
[2019-12-04 17:29:10][DEBUG][ERROR] : [swoole exit at file:/var/www/html/easyswoole/App/HttpController/Modules/Customer/Controller/CustomerConteroller.php line:95]
[2019-12-04 17:29:38][DEBUG][ERROR] : [swoole exit at file:/var/www/html/easyswoole/App/HttpController/Modules/Customer/Controller/CustomerConteroller.php line:95]
[2019-12-09 12:04:39][DEBUG][ERROR] : [Too few arguments to function App\HttpController\Builders\CustomerBuilders::__construct(), 0 passed in /var/www/html/easyswoole/App/HttpController/Modules/Customer/Controller/CustomerConteroller.php on line 100 and exactly 1 expected at file:/var/www/html/easyswoole/App/HttpController/Builders/CustomerBuilders.php line:18]
[2019-12-09 12:07:38][DEBUG][ERROR] : [Too few arguments to function App\HttpController\Builders\CustomerBuilders::__construct(), 0 passed in /var/www/html/easyswoole/App/HttpController/Modules/Customer/Controller/CustomerConteroller.php on line 100 and exactly 1 expected at file:/var/www/html/easyswoole/App/HttpController/Builders/CustomerBuilders.php line:18]
[2019-12-09 12:08:03][DEBUG][ERROR] : [Too few arguments to function App\HttpController\Builders\CustomerBuilders::__construct(), 0 passed in /var/www/html/easyswoole/App/HttpController/Modules/Customer/Controller/CustomerConteroller.php on line 100 and exactly 1 expected at file:/var/www/html/easyswoole/App/HttpController/Builders/CustomerBuilders.php line:18]
[2019-12-09 14:57:15][DEBUG][ERROR] : [Too few arguments to function App\HttpController\Builders\CustomerBuilders::__construct(), 0 passed in /var/www/html/easyswoole/App/HttpController/Modules/Customer/Controller/CustomerConteroller.php on line 100 and exactly 1 expected at file:/var/www/html/easyswoole/App/HttpController/Builders/CustomerBuilders.php line:18]
[2019-12-09 15:03:31][DEBUG][ERROR] : [Call to a member function listCustomerByParams() on null at file:/var/www/html/easyswoole/App/HttpController/Builders/CustomerBuilders.php line:34]
[2019-12-09 15:04:18][DEBUG][ERROR] : [swoole exit at file:/var/www/html/easyswoole/App/HttpController/Builders/CustomerBuilders.php line:34]
[2019-12-09 15:08:53][DEBUG][ERROR] : [Call to a member function listCustomerByParams() on null at file:/var/www/html/easyswoole/App/HttpController/Builders/CustomerBuilders.php line:34]
[2019-12-09 15:16:50][DEBUG][ERROR] : [Call to a member function listCustomerByParams() on null at file:/var/www/html/easyswoole/App/HttpController/Builders/CustomerBuilders.php line:35]
[2019-12-09 15:26:57][DEBUG][ERROR] : [Call to undefined function App\HttpController\hump_to_line() at file:/var/www/html/easyswoole/App/HttpController/BaseBuilders.php line:85]
[2019-12-09 15:33:02][DEBUG][ERROR] : [Call to undefined function App\HttpController\hump_to_line() at file:/var/www/html/easyswoole/App/HttpController/BaseBuilders.php line:85]
[2019-12-09 15:33:29][DEBUG][ERROR] : [swoole exit at file:/var/www/html/easyswoole/App/HttpController/BaseBuilders.php line:85]
[2019-12-09 15:33:58][DEBUG][ERROR] : [Call to undefined function App\HttpController\hump_to_line() at file:/var/www/html/easyswoole/App/HttpController/BaseBuilders.php line:85]
[2019-12-09 15:49:02][DEBUG][ERROR] : [swoole exit at file:/var/www/html/easyswoole/App/HttpController/BaseBuilders.php line:85]
[2019-12-09 15:50:45][DEBUG][ERROR] : [Call to undefined function App\HttpController\hump_to_line() at file:/var/www/html/easyswoole/App/HttpController/BaseBuilders.php line:86]
[2019-12-09 16:05:28][DEBUG][ERROR] : [swoole exit at file:/var/www/html/easyswoole/App/HttpController/BaseBuilders.php line:87]
[2019-12-09 16:09:02][DEBUG][ERROR] : [swoole exit at file:/var/www/html/easyswoole/App/HttpController/BaseBuilders.php line:102]
[2019-12-09 16:09:49][DEBUG][ERROR] : [swoole exit at file:/var/www/html/easyswoole/App/HttpController/BaseBuilders.php line:107]
[2019-12-09 16:10:26][DEBUG][ERROR] : [swoole exit at file:/var/www/html/easyswoole/App/HttpController/BaseBuilders.php line:113]
[2019-12-09 17:17:26][DEBUG][ERROR] : [Too few arguments to function App\HttpController\Builders\CustomerShopBuilders::getList(), 0 passed in /var/www/html/easyswoole/App/HttpController/Modules/Customer/Controller/CustomerConteroller.php on line 102 and exactly 1 expected at file:/var/www/html/easyswoole/App/HttpController/Builders/CustomerShopBuilders.php line:27]
[2019-12-09 17:19:47][DEBUG][ERROR] : [Too few arguments to function App\HttpController\Builders\CustomerShopBuilders::getList(), 0 passed in /var/www/html/easyswoole/App/HttpController/Modules/Customer/Controller/CustomerConteroller.php on line 102 and exactly 1 expected at file:/var/www/html/easyswoole/App/HttpController/Builders/CustomerShopBuilders.php line:28]
[2019-12-09 17:29:22][DEBUG][NOTICE] : [Undefined index: params at file:/var/www/html/easyswoole/App/HttpController/Builders/CustomerShopBuilders.php line:30]
[2019-12-09 17:29:22][DEBUG][NOTICE] : [Undefined index: order_type at file:/var/www/html/easyswoole/App/HttpController/Builders/CustomerShopBuilders.php line:31]
[2019-12-09 17:29:22][DEBUG][NOTICE] : [Undefined index: page_size at file:/var/www/html/easyswoole/App/HttpController/Builders/CustomerShopBuilders.php line:32]
[2019-12-09 17:29:22][DEBUG][NOTICE] : [Undefined index: page at file:/var/www/html/easyswoole/App/HttpController/Builders/CustomerShopBuilders.php line:33]
[2019-12-09 17:31:26][DEBUG][NOTICE] : [Undefined index: order_type at file:/var/www/html/easyswoole/App/HttpController/Builders/CustomerShopBuilders.php line:31]
[2019-12-09 17:31:26][DEBUG][NOTICE] : [Undefined index: page_size at file:/var/www/html/easyswoole/App/HttpController/Builders/CustomerShopBuilders.php line:32]
[2019-12-09 17:31:26][DEBUG][NOTICE] : [Undefined index: page at file:/var/www/html/easyswoole/App/HttpController/Builders/CustomerShopBuilders.php line:33]
[2019-12-09 17:34:16][DEBUG][ERROR] : [swoole exit at file:/var/www/html/easyswoole/App/HttpController/BaseBuilders.php line:289]
[2019-12-09 17:36:54][DEBUG][ERROR] : [swoole exit at file:/var/www/html/easyswoole/App/HttpController/BaseBuilders.php line:93]
[2019-12-09 17:37:26][DEBUG][ERROR] : [swoole exit at file:/var/www/html/easyswoole/App/HttpController/BaseBuilders.php line:100]
[2019-12-09 17:38:03][DEBUG][ERROR] : [swoole exit at file:/var/www/html/easyswoole/App/HttpController/BaseBuilders.php line:103]
[2019-12-09 17:39:02][DEBUG][ERROR] : [swoole exit at file:/var/www/html/easyswoole/App/HttpController/BaseBuilders.php line:140]
[2019-12-09 17:39:34][DEBUG][ERROR] : [swoole exit at file:/var/www/html/easyswoole/App/HttpController/BaseBuilders.php line:140]
[2019-12-09 17:40:02][DEBUG][ERROR] : [swoole exit at file:/var/www/html/easyswoole/App/HttpController/BaseBuilders.php line:141]
[2019-12-09 17:40:40][DEBUG][ERROR] : [swoole exit at file:/var/www/html/easyswoole/App/HttpController/BaseBuilders.php line:137]
[2019-12-09 17:41:00][DEBUG][ERROR] : [swoole exit at file:/var/www/html/easyswoole/App/HttpController/BaseBuilders.php line:103]
[2019-12-09 17:44:49][DEBUG][ERROR] : [swoole exit at file:/var/www/html/easyswoole/App/HttpController/BaseBuilders.php line:103]
[2019-12-09 17:46:01][DEBUG][ERROR] : [swoole exit at file:/var/www/html/easyswoole/App/HttpController/BaseBuilders.php line:291]
[2019-12-09 17:48:28][DEBUG][ERROR] : [swoole exit at file:/var/www/html/easyswoole/App/HttpController/BaseBuilders.php line:136]
[2019-12-09 17:56:10][DEBUG][ERROR] : [swoole exit at file:/var/www/html/easyswoole/App/HttpController/BaseBuilders.php line:103]
[2019-12-09 17:56:30][DEBUG][ERROR] : [swoole exit at file:/var/www/html/easyswoole/App/HttpController/BaseBuilders.php line:103]
[2019-12-09 17:57:27][DEBUG][ERROR] : [swoole exit at file:/var/www/html/easyswoole/App/HttpController/BaseBuilders.php line:136]
[2019-12-09 17:57:51][DEBUG][ERROR] : [swoole exit at file:/var/www/html/easyswoole/App/HttpController/BaseBuilders.php line:138]
[2019-12-09 17:58:43][DEBUG][ERROR] : [swoole exit at file:/var/www/html/easyswoole/App/HttpController/BaseBuilders.php line:138]
[2019-12-10 10:12:37][DEBUG][ERROR] : [swoole exit at file:/var/www/html/easyswoole/App/HttpController/BaseBuilders.php line:136]
[2019-12-10 10:13:42][DEBUG][ERROR] : [swoole exit at file:/var/www/html/easyswoole/App/HttpController/BaseBuilders.php line:136]
[2019-12-10 10:16:54][DEBUG][ERROR] : [swoole exit at file:/var/www/html/easyswoole/App/HttpController/BaseBuilders.php line:136]
[2019-12-10 10:19:25][DEBUG][ERROR] : [swoole exit at file:/var/www/html/easyswoole/App/HttpController/BaseBuilders.php line:135]
[2019-12-10 10:20:18][DEBUG][ERROR] : [swoole exit at file:/var/www/html/easyswoole/App/HttpController/BaseBuilders.php line:136]
[2019-12-10 10:21:27][DEBUG][ERROR] : [swoole exit at file:/var/www/html/easyswoole/App/HttpController/BaseBuilders.php line:136]
[2019-12-10 10:22:02][DEBUG][ERROR] : [swoole exit at file:/var/www/html/easyswoole/App/HttpController/BaseBuilders.php line:136]
[2019-12-10 11:21:13][DEBUG][ERROR] : [swoole exit at file:/var/www/html/easyswoole/App/HttpController/BaseBuilders.php line:136]
[2019-12-10 11:28:29][DEBUG][ERROR] : [swoole exit at file:/var/www/html/easyswoole/App/HttpController/BaseBuilders.php line:131]
[2019-12-10 11:29:08][DEBUG][ERROR] : [swoole exit at file:/var/www/html/easyswoole/App/HttpController/BaseBuilders.php line:44]
[2019-12-10 11:29:53][DEBUG][ERROR] : [swoole exit at file:/var/www/html/easyswoole/App/HttpController/BaseBuilders.php line:45]
[2019-12-10 11:30:47][DEBUG][ERROR] : [swoole exit at file:/var/www/html/easyswoole/App/HttpController/BaseBuilders.php line:45]
[2019-12-10 11:34:40][DEBUG][ERROR] : [swoole exit at file:/var/www/html/easyswoole/App/HttpController/BaseBuilders.php line:135]
[2019-12-10 11:38:40][DEBUG][ERROR] : [swoole exit at file:/var/www/html/easyswoole/App/HttpController/BaseBuilders.php line:109]
[2019-12-10 14:15:12][DEBUG][WARNING] : [var_dump() expects at least 1 parameter, 0 given at file:/var/www/html/easyswoole/App/HttpController/Modules/Customer/Controller/CustomerConteroller.php line:102]
[2019-12-10 14:15:12][DEBUG][ERROR] : [swoole exit at file:/var/www/html/easyswoole/App/HttpController/Modules/Customer/Controller/CustomerConteroller.php line:102]
[2019-12-10 14:15:23][DEBUG][ERROR] : [swoole exit at file:/var/www/html/easyswoole/App/HttpController/Modules/Customer/Controller/CustomerConteroller.php line:102]
[2019-12-10 14:16:35][DEBUG][ERROR] : [swoole exit at file:/var/www/html/easyswoole/App/HttpController/BaseBuilders.php line:100]
[2019-12-10 14:18:26][DEBUG][ERROR] : [swoole exit at file:/var/www/html/easyswoole/App/HttpController/BaseBuilders.php line:103]
[2019-12-10 14:20:14][DEBUG][ERROR] : [swoole exit at file:/var/www/html/easyswoole/App/HttpController/BaseBuilders.php line:136]
[2019-12-10 14:20:50][DEBUG][ERROR] : [swoole exit at file:/var/www/html/easyswoole/App/HttpController/BaseBuilders.php line:138]
[2019-12-10 14:35:51][DEBUG][ERROR] : [swoole exit at file:/var/www/html/easyswoole/App/HttpController/BaseBuilders.php line:137]
[2019-12-10 14:36:29][DEBUG][ERROR] : [swoole exit at file:/var/www/html/easyswoole/App/HttpController/BaseBuilders.php line:137]
[2019-12-10 14:38:00][DEBUG][ERROR] : [swoole exit at file:/var/www/html/easyswoole/App/HttpController/BaseBuilders.php line:44]
[2019-12-10 14:39:19][DEBUG][ERROR] : [swoole exit at file:/var/www/html/easyswoole/App/HttpController/BaseBuilders.php line:94]
[2019-12-10 14:56:28][DEBUG][ERROR] : [swoole exit at file:/var/www/html/easyswoole/App/HttpController/BaseBuilders.php line:44]
[2019-12-10 15:06:43][DEBUG][ERROR] : [swoole exit at file:/var/www/html/easyswoole/App/HttpController/BaseBuilders.php line:209]
[2019-12-10 15:06:57][DEBUG][ERROR] : [swoole exit at file:/var/www/html/easyswoole/App/HttpController/BaseBuilders.php line:209]
[2019-12-10 15:08:00][DEBUG][ERROR] : [Call to undefined function App\HttpController\array_pluck() at file:/var/www/html/easyswoole/App/HttpController/BaseBuilders.php line:211]
[2019-12-10 15:08:22][DEBUG][ERROR] : [Call to undefined function App\HttpController\array_pluck() at file:/var/www/html/easyswoole/App/HttpController/BaseBuilders.php line:211]
[2019-12-10 15:57:24][DEBUG][ERROR] : [swoole exit at file:/var/www/html/easyswoole/App/HttpController/Modules/Customer/Controller/CustomerConteroller.php line:96]
